app/build/intermediates/manifest_merge_blame_file/release/processReleaseMainManifest/manifest-merger-blame-release-report.txt
1<?xml version="1.0" encoding="utf-8"?>
2<manifest xmlns:android="http://schemas.android.com/apk/res/android"
3    package="com.pawstclass.app"
4    android:versionCode="2"
5    android:versionName="1.1" >
6
7    <uses-sdk
8        android:minSdkVersion="21"
9        android:targetSdkVersion="35" />
10
11    <uses-permission android:name="android.permission.INTERNET" />
11-->src\main\AndroidManifest.xml:4:5-67
11-->src\main\AndroidManifest.xml:4:22-64
12
13    <queries>
13-->[com.google.androidbrowserhelper:androidbrowserhelper:2.5.0] AndroidManifest.xml:26:5-34:15
14        <intent>
14-->[com.google.androidbrowserhelper:androidbrowserhelper:2.5.0] AndroidManifest.xml:27:9-33:18
15            <action android:name="android.intent.action.VIEW" />
15-->src\main\AndroidManifest.xml:31:17-69
15-->src\main\AndroidManifest.xml:31:25-66
16
17            <category android:name="android.intent.category.BROWSABLE" />
17-->src\main\AndroidManifest.xml:33:17-78
17-->src\main\AndroidManifest.xml:33:27-75
18
19            <data android:scheme="https" />
19-->src\main\AndroidManifest.xml:34:17-37:58
19-->src\main\AndroidManifest.xml:35:21-43
20        </intent>
21    </queries>
22
23    <application
23-->src\main\AndroidManifest.xml:6:5-45:19
24        android:allowBackup="true"
24-->src\main\AndroidManifest.xml:7:9-35
25        android:appComponentFactory="androidx.core.app.CoreComponentFactory"
25-->[androidx.core:core:1.1.0] AndroidManifest.xml:24:18-86
26        android:extractNativeLibs="true"
27        android:icon="@mipmap/ic_launcher"
27-->src\main\AndroidManifest.xml:8:9-43
28        android:label="@string/app_name"
28-->src\main\AndroidManifest.xml:9:9-41
29        android:theme="@android:style/Theme.Translucent.NoTitleBar" >
29-->src\main\AndroidManifest.xml:10:9-68
30        <activity
30-->src\main\AndroidManifest.xml:12:9-39:20
31            android:name="com.google.androidbrowserhelper.trusted.LauncherActivity"
31-->src\main\AndroidManifest.xml:13:13-84
32            android:exported="true"
32-->src\main\AndroidManifest.xml:14:13-36
33            android:label="@string/app_name" >
33-->src\main\AndroidManifest.xml:15:13-45
34            <meta-data
34-->src\main\AndroidManifest.xml:17:13-19:79
35                android:name="android.support.customtabs.trusted.DEFAULT_URL"
35-->src\main\AndroidManifest.xml:18:17-78
36                android:value="https://choijian2029.github.io/pawst-class/" />
36-->src\main\AndroidManifest.xml:19:17-76
37            <meta-data
37-->src\main\AndroidManifest.xml:21:13-23:58
38                android:name="android.support.customtabs.trusted.STATUS_BAR_COLOR"
38-->src\main\AndroidManifest.xml:22:17-83
39                android:resource="@color/colorPrimary" />
39-->src\main\AndroidManifest.xml:23:17-55
40
41            <intent-filter>
41-->src\main\AndroidManifest.xml:25:13-28:29
42                <action android:name="android.intent.action.MAIN" />
42-->src\main\AndroidManifest.xml:26:17-69
42-->src\main\AndroidManifest.xml:26:25-66
43
44                <category android:name="android.intent.category.LAUNCHER" />
44-->src\main\AndroidManifest.xml:27:17-77
44-->src\main\AndroidManifest.xml:27:27-74
45            </intent-filter>
46            <intent-filter>
46-->src\main\AndroidManifest.xml:30:13-38:29
47                <action android:name="android.intent.action.VIEW" />
47-->src\main\AndroidManifest.xml:31:17-69
47-->src\main\AndroidManifest.xml:31:25-66
48
49                <category android:name="android.intent.category.DEFAULT" />
49-->src\main\AndroidManifest.xml:32:17-76
49-->src\main\AndroidManifest.xml:32:27-73
50                <category android:name="android.intent.category.BROWSABLE" />
50-->src\main\AndroidManifest.xml:33:17-78
50-->src\main\AndroidManifest.xml:33:27-75
51
52                <data
52-->src\main\AndroidManifest.xml:34:17-37:58
53                    android:host="choijian2029.github.io"
53-->src\main\AndroidManifest.xml:36:21-58
54                    android:pathPrefix="/pawst-class/"
54-->src\main\AndroidManifest.xml:37:21-55
55                    android:scheme="https" />
55-->src\main\AndroidManifest.xml:35:21-43
56            </intent-filter>
57        </activity>
58
59        <meta-data
59-->src\main\AndroidManifest.xml:41:9-43:59
60            android:name="asset_statements"
60-->src\main\AndroidManifest.xml:42:13-44
61            android:resource="@string/asset_statements" />
61-->src\main\AndroidManifest.xml:43:13-56
62    </application>
63
64</manifest>